{"D:\\Projects\\Portfolio-Version-2\\apps\\api\\routes\\github.routes.js": {"path":"D:\\Projects\\Portfolio-Version-2\\apps\\api\\routes\\github.routes.js","statementMap":{"0":{"start":{"line":4,"column":15},"end":{"line":4,"column":31}},"1":{"start":{"line":6,"column":0},"end":{"line":14,"column":3}},"2":{"start":{"line":7,"column":2},"end":{"line":13,"column":3}},"3":{"start":{"line":8,"column":17},"end":{"line":8,"column":39}},"4":{"start":{"line":9,"column":4},"end":{"line":9,"column":19}},"5":{"start":{"line":11,"column":4},"end":{"line":11,"column":25}},"6":{"start":{"line":12,"column":4},"end":{"line":12,"column":70}}},"fnMap":{"0":{"name":"(anonymous_0)","decl":{"start":{"line":6,"column":21},"end":{"line":6,"column":22}},"loc":{"start":{"line":6,"column":41},"end":{"line":14,"column":1}},"line":6}},"branchMap":{},"s":{"0":0,"1":0,"2":0,"3":0,"4":0,"5":0,"6":0},"f":{"0":0},"b":{},"inputSourceMap":null}
,"D:\\Projects\\Portfolio-Version-2\\apps\\api\\services\\github.service.js": {"path":"D:\\Projects\\Portfolio-Version-2\\apps\\api\\services\\github.service.js","statementMap":{"0":{"start":{"line":1,"column":27},"end":{"line":1,"column":59}},"1":{"start":{"line":4,"column":19},"end":{"line":4,"column":46}},"2":{"start":{"line":6,"column":16},"end":{"line":63,"column":3}},"3":{"start":{"line":65,"column":19},"end":{"line":75,"column":4}},"4":{"start":{"line":77,"column":17},"end":{"line":77,"column":38}},"5":{"start":{"line":79,"column":2},"end":{"line":81,"column":3}},"6":{"start":{"line":80,"column":4},"end":{"line":80,"column":51}},"7":{"start":{"line":83,"column":15},"end":{"line":83,"column":31}},"8":{"start":{"line":84,"column":16},"end":{"line":84,"column":39}},"9":{"start":{"line":86,"column":21},"end":{"line":89,"column":3}},"10":{"start":{"line":87,"column":19},"end":{"line":87,"column":44}},"11":{"start":{"line":91,"column":23},"end":{"line":91,"column":51}},"12":{"start":{"line":92,"column":27},"end":{"line":94,"column":3}},"13":{"start":{"line":96,"column":17},"end":{"line":96,"column":50}},"14":{"start":{"line":98,"column":27},"end":{"line":109,"column":5}},"15":{"start":{"line":98,"column":60},"end":{"line":109,"column":3}},"16":{"start":{"line":105,"column":48},"end":{"line":105,"column":60}},"17":{"start":{"line":111,"column":2},"end":{"line":124,"column":4}},"18":{"start":{"line":128,"column":22},"end":{"line":128,"column":24}},"19":{"start":{"line":130,"column":2},"end":{"line":135,"column":5}},"20":{"start":{"line":131,"column":4},"end":{"line":134,"column":7}},"21":{"start":{"line":132,"column":19},"end":{"line":132,"column":33}},"22":{"start":{"line":133,"column":6},"end":{"line":133,"column":63}},"23":{"start":{"line":137,"column":16},"end":{"line":137,"column":69}},"24":{"start":{"line":137,"column":60},"end":{"line":137,"column":65}},"25":{"start":{"line":139,"column":2},"end":{"line":145,"column":17}},"26":{"start":{"line":140,"column":28},"end":{"line":143,"column":5}},"27":{"start":{"line":144,"column":20},"end":{"line":144,"column":47}},"28":{"start":{"line":149,"column":2},"end":{"line":154,"column":4}},"29":{"start":{"line":150,"column":4},"end":{"line":153,"column":7}},"30":{"start":{"line":150,"column":40},"end":{"line":153,"column":5}},"31":{"start":{"line":158,"column":15},"end":{"line":158,"column":48}},"32":{"start":{"line":160,"column":15},"end":{"line":160,"column":16}},"33":{"start":{"line":162,"column":2},"end":{"line":168,"column":3}},"34":{"start":{"line":163,"column":4},"end":{"line":167,"column":5}},"35":{"start":{"line":164,"column":6},"end":{"line":164,"column":15}},"36":{"start":{"line":166,"column":6},"end":{"line":166,"column":12}},"37":{"start":{"line":170,"column":2},"end":{"line":170,"column":16}}},"fnMap":{"0":{"name":"getGithubStats","decl":{"start":{"line":3,"column":22},"end":{"line":3,"column":36}},"loc":{"start":{"line":3,"column":39},"end":{"line":125,"column":1}},"line":3},"1":{"name":"(anonymous_1)","decl":{"start":{"line":87,"column":4},"end":{"line":87,"column":5}},"loc":{"start":{"line":87,"column":19},"end":{"line":87,"column":44}},"line":87},"2":{"name":"(anonymous_2)","decl":{"start":{"line":98,"column":49},"end":{"line":98,"column":50}},"loc":{"start":{"line":98,"column":60},"end":{"line":109,"column":3}},"line":98},"3":{"name":"(anonymous_3)","decl":{"start":{"line":105,"column":41},"end":{"line":105,"column":42}},"loc":{"start":{"line":105,"column":48},"end":{"line":105,"column":60}},"line":105},"4":{"name":"calculateTopLanguages","decl":{"start":{"line":127,"column":9},"end":{"line":127,"column":30}},"loc":{"start":{"line":127,"column":38},"end":{"line":146,"column":1}},"line":127},"5":{"name":"(anonymous_5)","decl":{"start":{"line":130,"column":16},"end":{"line":130,"column":17}},"loc":{"start":{"line":130,"column":26},"end":{"line":135,"column":3}},"line":130},"6":{"name":"(anonymous_6)","decl":{"start":{"line":131,"column":33},"end":{"line":131,"column":34}},"loc":{"start":{"line":131,"column":43},"end":{"line":134,"column":5}},"line":131},"7":{"name":"(anonymous_7)","decl":{"start":{"line":137,"column":50},"end":{"line":137,"column":51}},"loc":{"start":{"line":137,"column":60},"end":{"line":137,"column":65}},"line":137},"8":{"name":"(anonymous_8)","decl":{"start":{"line":140,"column":9},"end":{"line":140,"column":10}},"loc":{"start":{"line":140,"column":28},"end":{"line":143,"column":5}},"line":140},"9":{"name":"(anonymous_9)","decl":{"start":{"line":144,"column":10},"end":{"line":144,"column":11}},"loc":{"start":{"line":144,"column":20},"end":{"line":144,"column":47}},"line":144},"10":{"name":"formatContributionData","decl":{"start":{"line":148,"column":9},"end":{"line":148,"column":31}},"loc":{"start":{"line":148,"column":39},"end":{"line":155,"column":1}},"line":148},"11":{"name":"(anonymous_11)","decl":{"start":{"line":149,"column":19},"end":{"line":149,"column":20}},"loc":{"start":{"line":150,"column":4},"end":{"line":153,"column":7}},"line":150},"12":{"name":"(anonymous_12)","decl":{"start":{"line":150,"column":30},"end":{"line":150,"column":31}},"loc":{"start":{"line":150,"column":40},"end":{"line":153,"column":5}},"line":150},"13":{"name":"calculateStreak","decl":{"start":{"line":157,"column":9},"end":{"line":157,"column":24}},"loc":{"start":{"line":157,"column":43},"end":{"line":171,"column":1}},"line":157}},"branchMap":{"0":{"loc":{"start":{"line":79,"column":2},"end":{"line":81,"column":3}},"type":"if","locations":[{"start":{"line":79,"column":2},"end":{"line":81,"column":3}},{"start":{},"end":{}}],"line":79},"1":{"loc":{"start":{"line":100,"column":17},"end":{"line":100,"column":62}},"type":"binary-expr","locations":[{"start":{"line":100,"column":17},"end":{"line":100,"column":33}},{"start":{"line":100,"column":37},"end":{"line":100,"column":62}}],"line":100},"2":{"loc":{"start":{"line":102,"column":10},"end":{"line":102,"column":32}},"type":"binary-expr","locations":[{"start":{"line":102,"column":10},"end":{"line":102,"column":26}},{"start":{"line":102,"column":30},"end":{"line":102,"column":32}}],"line":102},"3":{"loc":{"start":{"line":133,"column":27},"end":{"line":133,"column":49}},"type":"binary-expr","locations":[{"start":{"line":133,"column":27},"end":{"line":133,"column":44}},{"start":{"line":133,"column":48},"end":{"line":133,"column":49}}],"line":133},"4":{"loc":{"start":{"line":163,"column":4},"end":{"line":167,"column":5}},"type":"if","locations":[{"start":{"line":163,"column":4},"end":{"line":167,"column":5}},{"start":{"line":165,"column":11},"end":{"line":167,"column":5}}],"line":163}},"s":{"0":0,"1":0,"2":0,"3":0,"4":0,"5":0,"6":0,"7":0,"8":0,"9":0,"10":0,"11":0,"12":0,"13":0,"14":0,"15":0,"16":0,"17":0,"18":0,"19":0,"20":0,"21":0,"22":0,"23":0,"24":0,"25":0,"26":0,"27":0,"28":0,"29":0,"30":0,"31":0,"32":0,"33":0,"34":0,"35":0,"36":0,"37":0},"f":{"0":0,"1":0,"2":0,"3":0,"4":0,"5":0,"6":0,"7":0,"8":0,"9":0,"10":0,"11":0,"12":0,"13":0},"b":{"0":[0,0],"1":[0,0],"2":[0,0],"3":[0,0],"4":[0,0]},"inputSourceMap":null}
}
