TN:
SF:routes\github.routes.js
FN:6,(anonymous_0)
FNF:1
FNH:0
FNDA:0,(anonymous_0)
DA:4,0
DA:6,0
DA:7,0
DA:8,0
DA:9,0
DA:11,0
DA:12,0
LF:7
LH:0
BRF:0
BRH:0
end_of_record
TN:
SF:services\github.service.js
FN:3,getGithubStats
FN:87,(anonymous_1)
FN:98,(anonymous_2)
FN:105,(anonymous_3)
FN:127,calculateTopLanguages
FN:130,(anonymous_5)
FN:131,(anonymous_6)
FN:137,(anonymous_7)
FN:140,(anonymous_8)
FN:144,(anonymous_9)
FN:148,formatContributionData
FN:149,(anonymous_11)
FN:150,(anonymous_12)
FN:157,calculateStreak
FNF:14
FNH:0
FNDA:0,getGithubStats
FNDA:0,(anonymous_1)
FNDA:0,(anonymous_2)
FNDA:0,(anonymous_3)
FNDA:0,calculateTopLanguages
FNDA:0,(anonymous_5)
FNDA:0,(anonymous_6)
FNDA:0,(anonymous_7)
FNDA:0,(anonymous_8)
FNDA:0,(anonymous_9)
FNDA:0,formatContributionData
FNDA:0,(anonymous_11)
FNDA:0,(anonymous_12)
FNDA:0,calculateStreak
DA:1,0
DA:4,0
DA:6,0
DA:65,0
DA:77,0
DA:79,0
DA:80,0
DA:83,0
DA:84,0
DA:86,0
DA:87,0
DA:91,0
DA:92,0
DA:96,0
DA:98,0
DA:105,0
DA:111,0
DA:128,0
DA:130,0
DA:131,0
DA:132,0
DA:133,0
DA:137,0
DA:139,0
DA:140,0
DA:144,0
DA:149,0
DA:150,0
DA:158,0
DA:160,0
DA:162,0
DA:163,0
DA:164,0
DA:166,0
DA:170,0
LF:35
LH:0
BRDA:79,0,0,0
BRDA:79,0,1,0
BRDA:100,1,0,0
BRDA:100,1,1,0
BRDA:102,2,0,0
BRDA:102,2,1,0
BRDA:133,3,0,0
BRDA:133,3,1,0
BRDA:163,4,0,0
BRDA:163,4,1,0
BRF:10
BRH:0
end_of_record
